<?xml version="1.0" encoding="UTF-8"?>
<testsuite name="dz-16"
           tests="6"
           failures="0"
           errors="0"
           skipped="0"
           time="5.918">
    <properties></properties>



            <testcase
                name="getBooking"
                time="0.986"
                classname="org.example.RestAssuredTests">
            </testcase>
            <testcase
                name="deleteBooking"
                time="0.754"
                classname="org.example.RestAssuredTests">
            </testcase>
            <testcase
                name="putBooking"
                time="1.849"
                classname="org.example.RestAssuredTests">
            </testcase>
            <testcase
                name="createBooking"
                time="0.742"
                classname="org.example.RestAssuredTests">
            </testcase>
            <testcase
                name="getUpdatedBooking"
                time="0.716"
                classname="org.example.RestAssuredTests">
            </testcase>
            <testcase
                name="patchBooking"
                time="0.871"
                classname="org.example.RestAssuredTests">
            </testcase>
</testsuite>
